2022-08-29 19:13:54.668  INFO 1308 --- [main] lavalink.server.Launcher                 : Starting Launcher using Java 11.0.16 on mezz-PC with PID 1308 (C:\Users\mezz\AppData\Local\Red-DiscordBot\Red-DiscordBot\data\MezzMachinev4.2\cogs\CogManager\Audio\Lavalink.jar started by mezz in C:\Users\mezz\AppData\Local\Red-DiscordBot\Red-DiscordBot\data\MezzMachinev4.2\cogs\CogManager\Audio)
2022-08-29 19:13:54.675  INFO 1308 --- [main] lavalink.server.Launcher                 : No active profile set, falling back to 1 default profile: "default"
2022-08-29 19:13:56.913  INFO 1308 --- [main] lavalink.server.Launcher                 : Started Launcher in 3.547 seconds (JVM running for 4.769)
2022-08-29 19:13:56.920  INFO 1308 --- [main] lavalink.server.Launcher                 : You can safely ignore the big red warning about illegal reflection. See https://github.com/freyacodes/Lavalink/issues/295
2022-08-29 19:13:57.038  INFO 1308 --- [main] lavalink.server.Launcher                 : 

[32m       .  [31m _                  _ _       _    [32m__ _ _
[32m      /\\ [31m| | __ ___   ____ _| (_)_ __ | | __[32m\ \ \ \
[32m     ( ( )[31m| |/ _` \ \ / / _` | | | '_ \| |/ /[32m \ \ \ \
[32m      \\/ [31m| | (_| |\ V / (_| | | | | | |   < [32m  ) ) ) )
[32m       '  [31m|_|\__,_| \_/ \__,_|_|_|_| |_|_|\_\[32m / / / /
[0m    =========================================[32m/_/_/_/[0m

	Version:        3.5-rc3
	Build:          1350
	Build time:     11.08.2022 18:37:19 UTC
	Branch          HEAD
	Commit:         1b8e84f
	Commit time:    11.08.2022 18:22:22 UTC
	JVM:            11.0.16
	Lavaplayer      1.3.98.2-original

2022-08-29 19:13:57.049  INFO 1308 --- [main] lavalink.server.Launcher                 : No active profile set, falling back to 1 default profile: "default"
2022-08-29 19:14:06.384  WARN 1308 --- [main] io.undertow.websockets.jsr               : UT026010: Buffer pool was not set on WebSocketDeploymentInfo, the default pool will be used
2022-08-29 19:14:06.446  INFO 1308 --- [main] io.undertow.servlet                      : Initializing Spring embedded WebApplicationContext
2022-08-29 19:14:06.446  INFO 1308 --- [main] w.s.c.ServletWebServerApplicationContext : Root WebApplicationContext: initialization completed in 9386 ms
2022-08-29 19:14:06.586  WARN 1308 --- [main] l.server.config.SentryConfiguration      : Turning off sentry
2022-08-29 19:14:07.320  INFO 1308 --- [main] c.s.d.l.tools.GarbageCollectionMonitor   : GC monitoring enabled, reporting results every 2 minutes.
2022-08-29 19:14:07.793  INFO 1308 --- [main] lavalink.server.config.KoeConfiguration  : OS: WINDOWS, Arch: X86_64
2022-08-29 19:14:07.794  INFO 1308 --- [main] lavalink.server.config.KoeConfiguration  : Enabling JDA-NAS
2022-08-29 19:14:07.803  INFO 1308 --- [main] c.s.l.c.natives.NativeLibraryLoader      : Native library udpqueue: loading with filter null
2022-08-29 19:14:07.867  INFO 1308 --- [main] c.s.l.c.natives.NativeLibraryLoader      : Native library udpqueue: successfully loaded.
2022-08-29 19:14:08.565  INFO 1308 --- [main] io.undertow                              : starting server: Undertow - 2.2.16.Final
2022-08-29 19:14:08.592  INFO 1308 --- [main] org.xnio                                 : XNIO version 3.8.6.Final
2022-08-29 19:14:08.611  INFO 1308 --- [main] org.xnio.nio                             : XNIO NIO Implementation Version 3.8.6.Final
2022-08-29 19:14:08.798  INFO 1308 --- [main] org.jboss.threads                        : JBoss Threads version 3.1.0.Final
2022-08-29 19:14:08.885  INFO 1308 --- [main] o.s.b.w.e.undertow.UndertowWebServer     : Undertow started on port(s) 2333 (http)
2022-08-29 19:14:08.900  INFO 1308 --- [main] lavalink.server.Launcher                 : Started Launcher in 11.968 seconds (JVM running for 16.755)
2022-08-29 19:14:08.908  INFO 1308 --- [main] lavalink.server.Launcher                 : Lavalink is ready to accept connections.
2022-08-29 19:14:10.013  INFO 1308 --- [XNIO-1 task-1] io.undertow.servlet                      : Initializing Spring DispatcherServlet 'dispatcherServlet'
2022-08-29 19:14:10.015  INFO 1308 --- [XNIO-1 task-1] o.s.web.servlet.DispatcherServlet        : Initializing Servlet 'dispatcherServlet'
2022-08-29 19:14:10.017  INFO 1308 --- [XNIO-1 task-1] o.s.web.servlet.DispatcherServlet        : Completed initialization in 2 ms
2022-08-29 19:14:10.047  INFO 1308 --- [XNIO-1 task-1] l.server.io.HandshakeInterceptorImpl     : Incoming connection from /127.0.0.1:49289
2022-08-29 19:14:10.138  INFO 1308 --- [XNIO-1 task-1] lavalink.server.io.SocketServer          : Connection successfully established from Red-Lavalink/0.9.4
2022-08-29 19:14:10.175  INFO 1308 --- [XNIO-1 I/O-1] lavalink.server.io.SocketServer          : {"op": "configureResuming", "key": "Red-Core-Audio-922120086855245884-MezzMachinev4.2", "timeout": 60}
2022-08-29 19:17:04.766  INFO 1308 --- [SpringApplicationShutdownHook] io.undertow                              : stopping server: Undertow - 2.2.16.Final
2022-08-29 19:17:04.782  INFO 1308 --- [SpringApplicationShutdownHook] io.undertow.servlet                      : Destroying Spring FrameworkServlet 'dispatcherServlet'
2022-08-29 19:17:04.782 ERROR 1308 --- [XNIO-1 I/O-1] org.xnio.listener                        : XNIO001007: A channel event listener threw an exception

java.util.concurrent.RejectedExecutionException: XNIO007007: Thread is terminating
	at org.xnio.nio.WorkerThread.execute(WorkerThread.java:620) ~[xnio-nio-3.8.6.Final.jar!/:3.8.6.Final]
	at io.undertow.websockets.jsr.UndertowSession$3.handleEvent(UndertowSession.java:396) ~[undertow-websockets-jsr-2.2.16.Final.jar!/:2.2.16.Final]
	at io.undertow.websockets.jsr.UndertowSession$3.handleEvent(UndertowSession.java:388) ~[undertow-websockets-jsr-2.2.16.Final.jar!/:2.2.16.Final]
	at org.xnio.ChannelListeners.invokeChannelListener(ChannelListeners.java:92) ~[xnio-api-3.8.6.Final.jar!/:3.8.6.Final]
	at io.undertow.server.protocol.framed.AbstractFramedChannel$FrameCloseListener.handleEvent(AbstractFramedChannel.java:1081) ~[undertow-core-2.2.16.Final.jar!/:2.2.16.Final]
	at io.undertow.server.protocol.framed.AbstractFramedChannel$FrameCloseListener.handleEvent(AbstractFramedChannel.java:994) ~[undertow-core-2.2.16.Final.jar!/:2.2.16.Final]
	at org.xnio.ChannelListeners.invokeChannelListener(ChannelListeners.java:92) ~[xnio-api-3.8.6.Final.jar!/:3.8.6.Final]
	at org.xnio.conduits.WriteReadyHandler$ChannelListenerHandler.terminated(WriteReadyHandler.java:70) ~[xnio-api-3.8.6.Final.jar!/:3.8.6.Final]
	at org.xnio.nio.NioSocketConduit.writeTerminated(NioSocketConduit.java:204) ~[xnio-nio-3.8.6.Final.jar!/:3.8.6.Final]
	at org.xnio.nio.NioSocketConduit.terminateWrites(NioSocketConduit.java:193) ~[xnio-nio-3.8.6.Final.jar!/:3.8.6.Final]
	at org.xnio.nio.NioSocketConduit.truncateWrites(NioSocketConduit.java:198) ~[xnio-nio-3.8.6.Final.jar!/:3.8.6.Final]
	at io.undertow.conduits.IdleTimeoutConduit.truncateWrites(IdleTimeoutConduit.java:387) ~[undertow-core-2.2.16.Final.jar!/:2.2.16.Final]
	at org.xnio.conduits.ConduitStreamSinkChannel.close(ConduitStreamSinkChannel.java:186) ~[xnio-api-3.8.6.Final.jar!/:3.8.6.Final]
	at org.xnio.IoUtils.safeClose(IoUtils.java:152) ~[xnio-api-3.8.6.Final.jar!/:3.8.6.Final]
	at org.xnio.conduits.WriteReadyHandler$ChannelListenerHandler.forceTermination(WriteReadyHandler.java:57) ~[xnio-api-3.8.6.Final.jar!/:3.8.6.Final]
	at org.xnio.nio.NioSocketConduit.forceTermination(NioSocketConduit.java:108) ~[xnio-nio-3.8.6.Final.jar!/:3.8.6.Final]
	at org.xnio.nio.WorkerThread.run(WorkerThread.java:507) ~[xnio-nio-3.8.6.Final.jar!/:3.8.6.Final]

2022-08-29 19:17:04.798  INFO 1308 --- [SpringApplicationShutdownHook] c.s.d.l.tools.GarbageCollectionMonitor   : GC monitoring disabled.
